App Code/LogisticalIoT/app/build/intermediates/manifest_merge_blame_file/debug/manifest-merger-blame-debug-report.txt
1<?xml version="1.0" encoding="utf-8"?>
2<manifest xmlns:android="http://schemas.android.com/apk/res/android"
3    package="com.example.logisticaliot"
4    android:versionCode="1"
5    android:versionName="1.0" >
6
7    <uses-sdk
8        android:minSdkVersion="29"
8-->src\main\AndroidManifest.xml
9        android:targetSdkVersion="31" />
9-->src\main\AndroidManifest.xml
10
11    <uses-permission android:name="android.permission.INTERNET" />
11-->src\main\AndroidManifest.xml:6:5-67
11-->src\main\AndroidManifest.xml:6:22-64
12    <uses-permission android:name="android.permission.ACCESS_FINE_LOCATION" />
12-->src\main\AndroidManifest.xml:7:5-79
12-->src\main\AndroidManifest.xml:7:22-76
13    <uses-permission android:name="android.permission.ACCESS_COARSE_LOCATION" />
13-->src\main\AndroidManifest.xml:8:5-81
13-->src\main\AndroidManifest.xml:8:22-78
14
15    <uses-feature
15-->src\main\AndroidManifest.xml:10:5-86
16        android:name="android.hardware.location"
16-->src\main\AndroidManifest.xml:10:19-59
17        android:required="true" />
17-->src\main\AndroidManifest.xml:10:60-83
18    <uses-feature
18-->src\main\AndroidManifest.xml:11:5-90
19        android:name="android.hardware.location.gps"
19-->src\main\AndroidManifest.xml:11:19-63
20        android:required="true" />
20-->src\main\AndroidManifest.xml:11:64-87
21
22    <!-- Include required permissions for Google Maps API to run. -->
23    <uses-permission android:name="android.permission.ACCESS_NETWORK_STATE" />
23-->[com.google.android.gms:play-services-maps:18.0.2] AndroidManifest.xml:23:5-79
23-->[com.google.android.gms:play-services-maps:18.0.2] AndroidManifest.xml:23:22-76
24
25    <uses-feature
25-->[com.google.android.gms:play-services-maps:18.0.2] AndroidManifest.xml:26:5-28:35
26        android:glEsVersion="0x00020000"
26-->[com.google.android.gms:play-services-maps:18.0.2] AndroidManifest.xml:27:9-41
27        android:required="true" />
27-->[com.google.android.gms:play-services-maps:18.0.2] AndroidManifest.xml:28:9-32
28
29    <queries>
29-->[com.google.android.gms:play-services-maps:18.0.2] AndroidManifest.xml:30:5-34:15
30
31        <!-- Needs to be explicitly declared on Android R+ -->
32        <package android:name="com.google.android.apps.maps" />
32-->[com.google.android.gms:play-services-maps:18.0.2] AndroidManifest.xml:33:9-64
32-->[com.google.android.gms:play-services-maps:18.0.2] AndroidManifest.xml:33:18-61
33    </queries>
34
35    <application
35-->src\main\AndroidManifest.xml:13:5-58:19
36        android:allowBackup="true"
36-->src\main\AndroidManifest.xml:15:9-35
37        android:appComponentFactory="androidx.core.app.CoreComponentFactory"
37-->[androidx.core:core:1.7.0] AndroidManifest.xml:24:18-86
38        android:debuggable="true"
39        android:extractNativeLibs="false"
40        android:icon="@mipmap/ic_launcher"
40-->src\main\AndroidManifest.xml:16:9-43
41        android:label="LogiIoT"
41-->src\main\AndroidManifest.xml:17:9-32
42        android:roundIcon="@drawable/logo"
42-->src\main\AndroidManifest.xml:18:9-43
43        android:supportsRtl="true"
43-->src\main\AndroidManifest.xml:19:9-35
44        android:testOnly="true"
45        android:theme="@style/Theme.LogisticalIoT"
45-->src\main\AndroidManifest.xml:20:9-51
46        android:usesCleartextTraffic="true" >
46-->src\main\AndroidManifest.xml:14:9-44
47        <activity
47-->src\main\AndroidManifest.xml:21:9-28:20
48            android:name="com.example.logisticaliot.LoginActivity"
48-->src\main\AndroidManifest.xml:22:13-42
49            android:exported="true" >
49-->src\main\AndroidManifest.xml:23:13-36
50            <intent-filter>
50-->src\main\AndroidManifest.xml:24:13-27:29
51                <action android:name="android.intent.action.MAIN" />
51-->src\main\AndroidManifest.xml:25:17-69
51-->src\main\AndroidManifest.xml:25:25-66
52
53                <category android:name="android.intent.category.LAUNCHER" />
53-->src\main\AndroidManifest.xml:26:17-77
53-->src\main\AndroidManifest.xml:26:27-74
54            </intent-filter>
55        </activity>
56
57        <meta-data
57-->src\main\AndroidManifest.xml:29:9-31:51
58            android:name="com.google.android.geo.API_KEY"
58-->src\main\AndroidManifest.xml:30:13-58
59            android:value="@string/map_api_key" />
59-->src\main\AndroidManifest.xml:31:13-48
60
61        <activity
61-->src\main\AndroidManifest.xml:33:9-37:20
62            android:name="com.example.logisticaliot.MapActivity"
62-->src\main\AndroidManifest.xml:34:13-40
63            android:exported="true" >
63-->src\main\AndroidManifest.xml:35:13-36
64        </activity>
65        <activity
65-->src\main\AndroidManifest.xml:38:9-42:20
66            android:name="com.example.logisticaliot.DataActivity"
66-->src\main\AndroidManifest.xml:39:13-41
67            android:exported="true" >
67-->src\main\AndroidManifest.xml:40:13-36
68        </activity>
69        <activity
69-->src\main\AndroidManifest.xml:43:9-47:20
70            android:name="com.example.logisticaliot.HistoryActivity"
70-->src\main\AndroidManifest.xml:44:13-44
71            android:exported="true" >
71-->src\main\AndroidManifest.xml:45:13-36
72        </activity>
73        <activity
73-->src\main\AndroidManifest.xml:48:9-52:20
74            android:name="com.example.logisticaliot.ControlActivity"
74-->src\main\AndroidManifest.xml:49:13-44
75            android:exported="true" >
75-->src\main\AndroidManifest.xml:50:13-36
76        </activity>
77        <activity
77-->src\main\AndroidManifest.xml:53:9-57:20
78            android:name="com.example.logisticaliot.DisplayActivity"
78-->src\main\AndroidManifest.xml:54:13-44
79            android:exported="true" >
79-->src\main\AndroidManifest.xml:55:13-36
80        </activity>
81        <!-- Needs to be explicitly declared on P+ -->
82        <uses-library
82-->[com.google.android.gms:play-services-maps:18.0.2] AndroidManifest.xml:39:9-41:40
83            android:name="org.apache.http.legacy"
83-->[com.google.android.gms:play-services-maps:18.0.2] AndroidManifest.xml:40:13-50
84            android:required="false" />
84-->[com.google.android.gms:play-services-maps:18.0.2] AndroidManifest.xml:41:13-37
85
86        <activity
86-->[com.google.android.gms:play-services-base:18.0.1] AndroidManifest.xml:20:9-22:45
87            android:name="com.google.android.gms.common.api.GoogleApiActivity"
87-->[com.google.android.gms:play-services-base:18.0.1] AndroidManifest.xml:20:19-85
88            android:exported="false"
88-->[com.google.android.gms:play-services-base:18.0.1] AndroidManifest.xml:22:19-43
89            android:theme="@android:style/Theme.Translucent.NoTitleBar" />
89-->[com.google.android.gms:play-services-base:18.0.1] AndroidManifest.xml:21:19-78
90
91        <meta-data
91-->[com.google.android.gms:play-services-basement:18.0.0] AndroidManifest.xml:21:9-23:69
92            android:name="com.google.android.gms.version"
92-->[com.google.android.gms:play-services-basement:18.0.0] AndroidManifest.xml:22:13-58
93            android:value="@integer/google_play_services_version" />
93-->[com.google.android.gms:play-services-basement:18.0.0] AndroidManifest.xml:23:13-66
94
95        <provider
95-->[androidx.emoji2:emoji2:1.0.0] AndroidManifest.xml:26:9-34:20
96            android:name="androidx.startup.InitializationProvider"
96-->[androidx.emoji2:emoji2:1.0.0] AndroidManifest.xml:27:13-67
97            android:authorities="com.example.logisticaliot.androidx-startup"
97-->[androidx.emoji2:emoji2:1.0.0] AndroidManifest.xml:28:13-68
98            android:exported="false" >
98-->[androidx.emoji2:emoji2:1.0.0] AndroidManifest.xml:29:13-37
99            <meta-data
99-->[androidx.emoji2:emoji2:1.0.0] AndroidManifest.xml:31:13-33:52
100                android:name="androidx.emoji2.text.EmojiCompatInitializer"
100-->[androidx.emoji2:emoji2:1.0.0] AndroidManifest.xml:32:17-75
101                android:value="androidx.startup" />
101-->[androidx.emoji2:emoji2:1.0.0] AndroidManifest.xml:33:17-49
102            <meta-data
102-->[androidx.lifecycle:lifecycle-process:2.4.0] AndroidManifest.xml:31:13-33:52
103                android:name="androidx.lifecycle.ProcessLifecycleInitializer"
103-->[androidx.lifecycle:lifecycle-process:2.4.0] AndroidManifest.xml:32:17-78
104                android:value="androidx.startup" />
104-->[androidx.lifecycle:lifecycle-process:2.4.0] AndroidManifest.xml:33:17-49
105        </provider>
106    </application>
107
108</manifest>